mode: set
presence-app-backend/business/departments/usecase.go:13.75,18.2 1 1
presence-app-backend/business/departments/usecase.go:20.76,23.16 2 1
presence-app-backend/business/departments/usecase.go:27.2,27.25 1 1
presence-app-backend/business/departments/usecase.go:23.16,25.3 1 1
presence-app-backend/business/departments/usecase.go:30.93,32.16 2 1
presence-app-backend/business/departments/usecase.go:35.2,35.20 1 1
presence-app-backend/business/departments/usecase.go:32.16,34.3 1 1
presence-app-backend/business/departments/usecase.go:38.83,41.16 2 1
presence-app-backend/business/departments/usecase.go:45.2,45.20 1 1
presence-app-backend/business/departments/usecase.go:41.16,43.3 1 1
presence-app-backend/business/departments/usecase.go:48.94,50.16 2 1
presence-app-backend/business/departments/usecase.go:53.2,56.16 3 1
presence-app-backend/business/departments/usecase.go:59.2,59.20 1 1
presence-app-backend/business/departments/usecase.go:50.16,52.3 1 1
presence-app-backend/business/departments/usecase.go:56.16,58.3 1 1
presence-app-backend/business/departments/usecase.go:62.72,64.16 2 1
presence-app-backend/business/departments/usecase.go:67.2,67.12 1 1
presence-app-backend/business/departments/usecase.go:64.16,66.3 1 1
presence-app-backend/business/schedules/usecase.go:15.98,21.2 1 1
presence-app-backend/business/schedules/usecase.go:23.86,25.16 2 1
presence-app-backend/business/schedules/usecase.go:29.2,30.16 2 1
presence-app-backend/business/schedules/usecase.go:33.2,33.20 1 1
presence-app-backend/business/schedules/usecase.go:25.16,27.3 1 1
presence-app-backend/business/schedules/usecase.go:30.16,32.3 1 1
presence-app-backend/business/schedules/usecase.go:36.73,38.16 2 1
presence-app-backend/business/schedules/usecase.go:41.2,41.23 1 1
presence-app-backend/business/schedules/usecase.go:38.16,40.3 1 1
presence-app-backend/business/schedules/usecase.go:44.80,46.16 2 1
presence-app-backend/business/schedules/usecase.go:49.2,49.20 1 1
presence-app-backend/business/schedules/usecase.go:46.16,48.3 1 1
presence-app-backend/business/schedules/usecase.go:52.87,54.16 2 1
presence-app-backend/business/schedules/usecase.go:58.2,61.16 3 1
presence-app-backend/business/schedules/usecase.go:64.2,64.20 1 1
presence-app-backend/business/schedules/usecase.go:54.16,56.3 1 1
presence-app-backend/business/schedules/usecase.go:61.16,63.3 1 1
presence-app-backend/business/schedules/usecase.go:67.69,70.16 2 1
presence-app-backend/business/schedules/usecase.go:73.2,73.46 1 1
presence-app-backend/business/schedules/usecase.go:70.16,72.3 1 1
