mode: set
presence-app-backend/business/users/usecase.go:21.135,28.2 1 1
presence-app-backend/business/users/usecase.go:30.82,33.16 2 1
presence-app-backend/business/users/usecase.go:37.2,38.16 2 0
presence-app-backend/business/users/usecase.go:41.2,42.16 2 0
presence-app-backend/business/users/usecase.go:45.2,45.18 1 0
presence-app-backend/business/users/usecase.go:33.16,35.3 1 1
presence-app-backend/business/users/usecase.go:38.16,40.3 1 0
presence-app-backend/business/users/usecase.go:42.16,44.3 1 0
presence-app-backend/business/users/usecase.go:48.50,51.16 2 1
presence-app-backend/business/users/usecase.go:55.2,55.27 1 1
presence-app-backend/business/users/usecase.go:51.16,53.3 1 1
presence-app-backend/business/users/usecase.go:58.76,60.16 2 1
presence-app-backend/business/users/usecase.go:63.2,63.18 1 1
presence-app-backend/business/users/usecase.go:60.16,62.3 1 1
presence-app-backend/business/users/usecase.go:66.91,69.16 2 1
presence-app-backend/business/users/usecase.go:73.2,78.16 4 1
presence-app-backend/business/users/usecase.go:82.2,82.20 1 1
presence-app-backend/business/users/usecase.go:69.16,71.3 1 0
presence-app-backend/business/users/usecase.go:78.16,80.3 1 0
presence-app-backend/business/users/usecase.go:86.65,88.16 2 1
presence-app-backend/business/users/usecase.go:91.2,92.16 2 1
presence-app-backend/business/users/usecase.go:95.2,95.12 1 1
presence-app-backend/business/users/usecase.go:88.16,90.3 1 1
presence-app-backend/business/users/usecase.go:92.16,94.3 1 1
presence-app-backend/business/users/usecase.go:98.82,102.16 3 0
presence-app-backend/business/users/usecase.go:106.2,106.61 1 0
presence-app-backend/business/users/usecase.go:110.2,111.16 2 0
presence-app-backend/business/users/usecase.go:115.2,116.51 2 0
presence-app-backend/business/users/usecase.go:122.2,122.16 1 0
presence-app-backend/business/users/usecase.go:125.2,125.20 1 0
presence-app-backend/business/users/usecase.go:102.16,104.3 1 0
presence-app-backend/business/users/usecase.go:106.61,108.3 1 0
presence-app-backend/business/users/usecase.go:111.16,113.3 1 0
presence-app-backend/business/users/usecase.go:116.51,118.3 1 0
presence-app-backend/business/users/usecase.go:118.8,120.3 1 0
presence-app-backend/business/users/usecase.go:122.16,124.3 1 0
